2017-08-23 13:33:04,902  WARN (TestNG:com.Idexx.CucumberScripts.LocalWebDriverListener:beforeInvocation:34) - Provided method is NOT a TestNG testMethod!!!
2017-08-23 13:33:05,275  INFO (TestNG:com.Idexx.CucumberScripts.LocalWebDriverListener:beforeInvocation:29) - getting driver for: chrome
2017-08-23 13:33:12,398  INFO (TestNG:com.Idexx.CucumberScripts.LocalWebDriverListener:beforeInvocation:32) - Done! Created chrome driver!
2017-08-23 13:33:13,232  INFO (TestNG:com.Idexx.CucumberScripts.BeforeAfterHooks:deleteAllCookies:40) - Deleting all cookies...
2017-08-23 13:33:29,705  INFO (TestNG:com.automation.report.ConfigFileReadWrite:read:166) - fileName = resources/gallopReporter.properties
2017-08-23 13:33:29,705  INFO (TestNG:com.automation.report.ConfigFileReadWrite:read:167) - key = clientName
2017-08-23 13:33:29,706  INFO (TestNG:com.automation.report.ConfigFileReadWrite:read:166) - fileName = resources/gallopReporter.properties
2017-08-23 13:33:29,706  INFO (TestNG:com.automation.report.ConfigFileReadWrite:read:167) - key = deviceName
2017-08-23 13:33:29,706  INFO (TestNG:com.automation.report.ConfigFileReadWrite:read:166) - fileName = resources/gallopReporter.properties
2017-08-23 13:33:29,707  INFO (TestNG:com.automation.report.ConfigFileReadWrite:read:167) - key = iterationMode
2017-08-23 13:33:29,707  INFO (TestNG:com.automation.report.ConfigFileReadWrite:read:166) - fileName = resources/gallopReporter.properties
2017-08-23 13:33:29,707  INFO (TestNG:com.automation.report.ConfigFileReadWrite:read:167) - key = suiteName
2017-08-23 13:33:29,708  INFO (TestNG:com.automation.report.ConfigFileReadWrite:read:166) - fileName = resources/gallopReporter.properties
2017-08-23 13:33:29,708  INFO (TestNG:com.automation.report.ConfigFileReadWrite:read:167) - key = onErrorAction
2017-08-23 13:33:29,708  INFO (TestNG:com.automation.report.ConfigFileReadWrite:read:166) - fileName = resources/gallopReporter.properties
2017-08-23 13:33:29,709  INFO (TestNG:com.automation.report.ConfigFileReadWrite:read:167) - key = singleThreadExecution
2017-08-23 13:33:29,710  INFO (TestNG:com.automation.report.ConfigFileReadWrite:read:166) - fileName = resources/gallopReporter.properties
2017-08-23 13:33:29,710  INFO (TestNG:com.automation.report.ConfigFileReadWrite:read:167) - key = AUT
2017-08-23 13:33:29,710  INFO (TestNG:com.automation.report.ConfigFileReadWrite:read:166) - fileName = resources/gallopReporter.properties
2017-08-23 13:33:29,711  INFO (TestNG:com.automation.report.ConfigFileReadWrite:read:167) - key = baseUrl
2017-08-23 13:33:29,711  INFO (TestNG:com.automation.report.ConfigFileReadWrite:read:166) - fileName = resources/gallopReporter.properties
2017-08-23 13:33:29,711  INFO (TestNG:com.automation.report.ConfigFileReadWrite:read:167) - key = baseUrl2
2017-08-23 13:33:29,711  INFO (TestNG:com.automation.report.ConfigFileReadWrite:read:166) - fileName = resources/gallopReporter.properties
2017-08-23 13:33:29,711  INFO (TestNG:com.automation.report.ConfigFileReadWrite:read:167) - key = Waittime
2017-08-23 13:33:29,711  INFO (TestNG:com.automation.report.ConfigFileReadWrite:read:166) - fileName = resources/gallopReporter.properties
2017-08-23 13:33:29,711  INFO (TestNG:com.automation.report.ConfigFileReadWrite:read:167) - key = browserName
2017-08-23 13:33:29,712  INFO (TestNG:com.automation.report.ConfigFileReadWrite:read:166) - fileName = resources/gallopReporter.properties
2017-08-23 13:33:29,712  INFO (TestNG:com.automation.report.ConfigFileReadWrite:read:167) - key = version
2017-08-23 13:33:29,713  INFO (TestNG:com.automation.report.ConfigFileReadWrite:read:166) - fileName = resources/gallopReporter.properties
2017-08-23 13:33:29,713  INFO (TestNG:com.automation.report.ConfigFileReadWrite:read:167) - key = platform
2017-08-23 13:33:29,713  INFO (TestNG:com.automation.report.ConfigFileReadWrite:read:166) - fileName = resources/gallopReporter.properties
2017-08-23 13:33:29,713  INFO (TestNG:com.automation.report.ConfigFileReadWrite:read:167) - key = reportFormat
2017-08-23 13:33:29,714  INFO (TestNG:com.automation.report.ConfigFileReadWrite:read:166) - fileName = resources/gallopReporter.properties
2017-08-23 13:33:29,714  INFO (TestNG:com.automation.report.ConfigFileReadWrite:read:167) - key = locationResult
2017-08-23 13:33:29,714  INFO (TestNG:com.automation.report.ConfigFileReadWrite:read:166) - fileName = resources/gallopReporter.properties
2017-08-23 13:33:29,714  INFO (TestNG:com.automation.report.ConfigFileReadWrite:read:167) - key = folderScreenShot
2017-08-23 13:33:29,717  INFO (TestNG:com.automation.report.ConfigFileReadWrite:read:166) - fileName = resources/gallopReporter.properties
2017-08-23 13:33:29,717  INFO (TestNG:com.automation.report.ConfigFileReadWrite:read:167) - key = locationClientLogo
2017-08-23 13:33:29,717  INFO (TestNG:com.automation.report.ConfigFileReadWrite:read:166) - fileName = resources/gallopReporter.properties
2017-08-23 13:33:29,718  INFO (TestNG:com.automation.report.ConfigFileReadWrite:read:167) - key = locationCompanyLogo
2017-08-23 13:33:29,718  INFO (TestNG:com.automation.report.ConfigFileReadWrite:read:166) - fileName = resources/gallopReporter.properties
2017-08-23 13:33:29,718  INFO (TestNG:com.automation.report.ConfigFileReadWrite:read:167) - key = locationFailedLogo
2017-08-23 13:33:29,719  INFO (TestNG:com.automation.report.ConfigFileReadWrite:read:166) - fileName = resources/gallopReporter.properties
2017-08-23 13:33:29,720  INFO (TestNG:com.automation.report.ConfigFileReadWrite:read:167) - key = locationMinusLogo
2017-08-23 13:33:29,720  INFO (TestNG:com.automation.report.ConfigFileReadWrite:read:166) - fileName = resources/gallopReporter.properties
2017-08-23 13:33:29,720  INFO (TestNG:com.automation.report.ConfigFileReadWrite:read:167) - key = locationPassedLogo
2017-08-23 13:33:29,721  INFO (TestNG:com.automation.report.ConfigFileReadWrite:read:166) - fileName = resources/gallopReporter.properties
2017-08-23 13:33:29,721  INFO (TestNG:com.automation.report.ConfigFileReadWrite:read:167) - key = locationPlusLogo
2017-08-23 13:33:29,722  INFO (TestNG:com.automation.report.ConfigFileReadWrite:read:166) - fileName = resources/gallopReporter.properties
2017-08-23 13:33:29,722  INFO (TestNG:com.automation.report.ConfigFileReadWrite:read:167) - key = locationWarningLogo
2017-08-23 13:33:29,722  INFO (TestNG:com.automation.report.ConfigFileReadWrite:read:166) - fileName = resources/gallopReporter.properties
2017-08-23 13:33:29,722  INFO (TestNG:com.automation.report.ConfigFileReadWrite:read:167) - key = onSuccessScreenshot
2017-08-23 13:33:29,723  INFO (TestNG:com.automation.report.ConfigFileReadWrite:read:166) - fileName = resources/gallopReporter.properties
2017-08-23 13:33:29,723  INFO (TestNG:com.automation.report.ConfigFileReadWrite:read:167) - key = userName
2017-08-23 13:33:29,723  INFO (TestNG:com.automation.report.ConfigFileReadWrite:read:166) - fileName = resources/gallopReporter.properties
2017-08-23 13:33:29,723  INFO (TestNG:com.automation.report.ConfigFileReadWrite:read:167) - key = accessKey
2017-08-23 13:33:29,724  INFO (TestNG:com.automation.report.ConfigFileReadWrite:read:166) - fileName = resources/gallopReporter.properties
2017-08-23 13:33:29,724  INFO (TestNG:com.automation.report.ConfigFileReadWrite:read:167) - key = cloudImplicitWait
2017-08-23 13:33:29,724  INFO (TestNG:com.automation.report.ConfigFileReadWrite:read:166) - fileName = resources/gallopReporter.properties
2017-08-23 13:33:29,725  INFO (TestNG:com.automation.report.ConfigFileReadWrite:read:167) - key = cloudPageLoadTimeOut
2017-08-23 13:33:29,725  INFO (TestNG:com.automation.report.ConfigFileReadWrite:read:166) - fileName = resources/gallopReporter.properties
2017-08-23 13:33:29,725  INFO (TestNG:com.automation.report.ConfigFileReadWrite:read:167) - key = locationCssFolder
2017-08-23 13:33:29,726  INFO (TestNG:com.automation.report.ConfigFileReadWrite:read:166) - fileName = resources/gallopReporter.properties
2017-08-23 13:33:29,726  INFO (TestNG:com.automation.report.ConfigFileReadWrite:read:167) - key = locationJsFolder
2017-08-23 13:33:29,726  INFO (TestNG:com.automation.report.ConfigFileReadWrite:read:166) - fileName = resources/gallopReporter.properties
2017-08-23 13:33:29,726  INFO (TestNG:com.automation.report.ConfigFileReadWrite:read:167) - key = locationImagesFolder
2017-08-23 13:41:13,232  INFO (TestNG:com.Idexx.CucumberScripts.LocalWebDriverListener:afterInvocation:52) - Renaming test method name from: 'feature' to: 'chromeWindowsLocal - feature - chrome v:60.0.3112.101 XP'
2017-08-23 13:41:14,787  INFO (TestNG:com.Idexx.CucumberScripts.LocalWebDriverListener:beforeInvocation:29) - getting driver for: chrome
2017-08-23 13:41:23,741  INFO (TestNG:com.Idexx.CucumberScripts.LocalWebDriverListener:beforeInvocation:32) - Done! Created chrome driver!
2017-08-23 13:41:23,895  INFO (TestNG:com.Idexx.CucumberScripts.BeforeAfterHooks:deleteAllCookies:40) - Deleting all cookies...
2017-08-23 13:44:47,271  INFO (TestNG:com.Idexx.CucumberScripts.LocalWebDriverListener:afterInvocation:52) - Renaming test method name from: 'chromeWindowsLocal - feature - chrome v:60.0.3112.101 XP' to: 'chromeWindowsLocal - chromeWindowsLocal - feature - chrome v:60.0.3112.101 XP - chrome v:60.0.3112.101 XP'
2017-08-23 13:44:48,877  INFO (TestNG:com.Idexx.CucumberScripts.LocalWebDriverListener:beforeInvocation:29) - getting driver for: chrome
2017-08-23 13:44:56,076  INFO (TestNG:com.Idexx.CucumberScripts.LocalWebDriverListener:beforeInvocation:32) - Done! Created chrome driver!
2017-08-23 13:44:56,141  INFO (TestNG:com.Idexx.CucumberScripts.BeforeAfterHooks:deleteAllCookies:40) - Deleting all cookies...
2017-08-23 13:47:13,860  INFO (TestNG:com.Idexx.CucumberScripts.LocalWebDriverListener:afterInvocation:52) - Renaming test method name from: 'chromeWindowsLocal - chromeWindowsLocal - feature - chrome v:60.0.3112.101 XP - chrome v:60.0.3112.101 XP' to: 'chromeWindowsLocal - chromeWindowsLocal - chromeWindowsLocal - feature - chrome v:60.0.3112.101 XP - chrome v:60.0.3112.101 XP - chrome v:60.0.3112.101 XP'
2017-08-23 13:47:15,584  INFO (TestNG:com.Idexx.CucumberScripts.LocalWebDriverListener:beforeInvocation:29) - getting driver for: chrome
2017-08-23 13:47:23,070  INFO (TestNG:com.Idexx.CucumberScripts.LocalWebDriverListener:beforeInvocation:32) - Done! Created chrome driver!
2017-08-23 13:47:23,120  INFO (TestNG:com.Idexx.CucumberScripts.BeforeAfterHooks:deleteAllCookies:40) - Deleting all cookies...
2017-08-23 13:49:42,677  INFO (TestNG:com.Idexx.CucumberScripts.LocalWebDriverListener:afterInvocation:52) - Renaming test method name from: 'chromeWindowsLocal - chromeWindowsLocal - chromeWindowsLocal - feature - chrome v:60.0.3112.101 XP - chrome v:60.0.3112.101 XP - chrome v:60.0.3112.101 XP' to: 'chromeWindowsLocal - chromeWindowsLocal - chromeWindowsLocal - chromeWindowsLocal - feature - chrome v:60.0.3112.101 XP - chrome v:60.0.3112.101 XP - chrome v:60.0.3112.101 XP - chrome v:60.0.3112.101 XP'
2017-08-23 13:49:44,414  INFO (TestNG:com.Idexx.CucumberScripts.LocalWebDriverListener:beforeInvocation:29) - getting driver for: chrome
2017-08-23 13:49:51,598  INFO (TestNG:com.Idexx.CucumberScripts.LocalWebDriverListener:beforeInvocation:32) - Done! Created chrome driver!
2017-08-23 13:49:51,676  INFO (TestNG:com.Idexx.CucumberScripts.BeforeAfterHooks:deleteAllCookies:40) - Deleting all cookies...
2017-08-23 13:51:51,447  INFO (TestNG:com.Idexx.CucumberScripts.LocalWebDriverListener:afterInvocation:52) - Renaming test method name from: 'chromeWindowsLocal - chromeWindowsLocal - chromeWindowsLocal - chromeWindowsLocal - feature - chrome v:60.0.3112.101 XP - chrome v:60.0.3112.101 XP - chrome v:60.0.3112.101 XP - chrome v:60.0.3112.101 XP' to: 'chromeWindowsLocal - chromeWindowsLocal - chromeWindowsLocal - chromeWindowsLocal - chromeWindowsLocal - feature - chrome v:60.0.3112.101 XP - chrome v:60.0.3112.101 XP - chrome v:60.0.3112.101 XP - chrome v:60.0.3112.101 XP - chrome v:60.0.3112.101 XP'
2017-08-23 13:51:53,041  INFO (TestNG:com.Idexx.CucumberScripts.LocalWebDriverListener:beforeInvocation:29) - getting driver for: chrome
2017-08-23 13:51:59,908  INFO (TestNG:com.Idexx.CucumberScripts.LocalWebDriverListener:beforeInvocation:32) - Done! Created chrome driver!
2017-08-23 13:51:59,955  INFO (TestNG:com.Idexx.CucumberScripts.BeforeAfterHooks:deleteAllCookies:40) - Deleting all cookies...
2017-08-23 13:55:00,489  INFO (TestNG:com.Idexx.CucumberScripts.LocalWebDriverListener:afterInvocation:52) - Renaming test method name from: 'chromeWindowsLocal - chromeWindowsLocal - chromeWindowsLocal - chromeWindowsLocal - chromeWindowsLocal - feature - chrome v:60.0.3112.101 XP - chrome v:60.0.3112.101 XP - chrome v:60.0.3112.101 XP - chrome v:60.0.3112.101 XP - chrome v:60.0.3112.101 XP' to: 'chromeWindowsLocal - chromeWindowsLocal - chromeWindowsLocal - chromeWindowsLocal - chromeWindowsLocal - chromeWindowsLocal - feature - chrome v:60.0.3112.101 XP - chrome v:60.0.3112.101 XP - chrome v:60.0.3112.101 XP - chrome v:60.0.3112.101 XP - chrome v:60.0.3112.101 XP - chrome v:60.0.3112.101 XP'
2017-08-23 13:55:02,128  INFO (TestNG:com.Idexx.CucumberScripts.LocalWebDriverListener:beforeInvocation:29) - getting driver for: chrome
2017-08-23 13:55:08,801  INFO (TestNG:com.Idexx.CucumberScripts.LocalWebDriverListener:beforeInvocation:32) - Done! Created chrome driver!
2017-08-23 13:55:08,848  INFO (TestNG:com.Idexx.CucumberScripts.BeforeAfterHooks:deleteAllCookies:40) - Deleting all cookies...
2017-08-23 13:57:19,354  INFO (TestNG:com.Idexx.CucumberScripts.LocalWebDriverListener:afterInvocation:52) - Renaming test method name from: 'chromeWindowsLocal - chromeWindowsLocal - chromeWindowsLocal - chromeWindowsLocal - chromeWindowsLocal - chromeWindowsLocal - feature - chrome v:60.0.3112.101 XP - chrome v:60.0.3112.101 XP - chrome v:60.0.3112.101 XP - chrome v:60.0.3112.101 XP - chrome v:60.0.3112.101 XP - chrome v:60.0.3112.101 XP' to: 'chromeWindowsLocal - chromeWindowsLocal - chromeWindowsLocal - chromeWindowsLocal - chromeWindowsLocal - chromeWindowsLocal - chromeWindowsLocal - feature - chrome v:60.0.3112.101 XP - chrome v:60.0.3112.101 XP - chrome v:60.0.3112.101 XP - chrome v:60.0.3112.101 XP - chrome v:60.0.3112.101 XP - chrome v:60.0.3112.101 XP - chrome v:60.0.3112.101 XP'
2017-08-23 13:57:21,008  INFO (TestNG:com.Idexx.CucumberScripts.LocalWebDriverListener:beforeInvocation:29) - getting driver for: chrome
2017-08-23 13:57:29,925  INFO (TestNG:com.Idexx.CucumberScripts.LocalWebDriverListener:beforeInvocation:32) - Done! Created chrome driver!
2017-08-23 13:57:29,963  INFO (TestNG:com.Idexx.CucumberScripts.BeforeAfterHooks:deleteAllCookies:40) - Deleting all cookies...
2017-08-23 14:00:29,484  INFO (TestNG:com.Idexx.CucumberScripts.LocalWebDriverListener:afterInvocation:52) - Renaming test method name from: 'chromeWindowsLocal - chromeWindowsLocal - chromeWindowsLocal - chromeWindowsLocal - chromeWindowsLocal - chromeWindowsLocal - chromeWindowsLocal - feature - chrome v:60.0.3112.101 XP - chrome v:60.0.3112.101 XP - chrome v:60.0.3112.101 XP - chrome v:60.0.3112.101 XP - chrome v:60.0.3112.101 XP - chrome v:60.0.3112.101 XP - chrome v:60.0.3112.101 XP' to: 'chromeWindowsLocal - chromeWindowsLocal - chromeWindowsLocal - chromeWindowsLocal - chromeWindowsLocal - chromeWindowsLocal - chromeWindowsLocal - chromeWindowsLocal - feature - chrome v:60.0.3112.101 XP - chrome v:60.0.3112.101 XP - chrome v:60.0.3112.101 XP - chrome v:60.0.3112.101 XP - chrome v:60.0.3112.101 XP - chrome v:60.0.3112.101 XP - chrome v:60.0.3112.101 XP - chrome v:60.0.3112.101 XP'
2017-08-23 14:00:31,103  INFO (TestNG:com.Idexx.CucumberScripts.LocalWebDriverListener:beforeInvocation:29) - getting driver for: chrome
2017-08-23 14:00:38,491  INFO (TestNG:com.Idexx.CucumberScripts.LocalWebDriverListener:beforeInvocation:32) - Done! Created chrome driver!
2017-08-23 14:00:38,549  INFO (TestNG:com.Idexx.CucumberScripts.BeforeAfterHooks:deleteAllCookies:40) - Deleting all cookies...
2017-08-23 14:03:57,653  INFO (TestNG:com.Idexx.CucumberScripts.LocalWebDriverListener:afterInvocation:52) - Renaming test method name from: 'chromeWindowsLocal - chromeWindowsLocal - chromeWindowsLocal - chromeWindowsLocal - chromeWindowsLocal - chromeWindowsLocal - chromeWindowsLocal - chromeWindowsLocal - feature - chrome v:60.0.3112.101 XP - chrome v:60.0.3112.101 XP - chrome v:60.0.3112.101 XP - chrome v:60.0.3112.101 XP - chrome v:60.0.3112.101 XP - chrome v:60.0.3112.101 XP - chrome v:60.0.3112.101 XP - chrome v:60.0.3112.101 XP' to: 'chromeWindowsLocal - chromeWindowsLocal - chromeWindowsLocal - chromeWindowsLocal - chromeWindowsLocal - chromeWindowsLocal - chromeWindowsLocal - chromeWindowsLocal - chromeWindowsLocal - feature - chrome v:60.0.3112.101 XP - chrome v:60.0.3112.101 XP - chrome v:60.0.3112.101 XP - chrome v:60.0.3112.101 XP - chrome v:60.0.3112.101 XP - chrome v:60.0.3112.101 XP - chrome v:60.0.3112.101 XP - chrome v:60.0.3112.101 XP - chrome v:60.0.3112.101 XP'
2017-08-23 14:03:59,189  INFO (TestNG:com.Idexx.CucumberScripts.LocalWebDriverListener:beforeInvocation:29) - getting driver for: chrome
2017-08-23 14:04:08,997  INFO (TestNG:com.Idexx.CucumberScripts.LocalWebDriverListener:beforeInvocation:32) - Done! Created chrome driver!
2017-08-23 14:04:09,046  INFO (TestNG:com.Idexx.CucumberScripts.BeforeAfterHooks:deleteAllCookies:40) - Deleting all cookies...
2017-08-23 14:06:42,333  INFO (TestNG:com.Idexx.CucumberScripts.LocalWebDriverListener:afterInvocation:52) - Renaming test method name from: 'chromeWindowsLocal - chromeWindowsLocal - chromeWindowsLocal - chromeWindowsLocal - chromeWindowsLocal - chromeWindowsLocal - chromeWindowsLocal - chromeWindowsLocal - chromeWindowsLocal - feature - chrome v:60.0.3112.101 XP - chrome v:60.0.3112.101 XP - chrome v:60.0.3112.101 XP - chrome v:60.0.3112.101 XP - chrome v:60.0.3112.101 XP - chrome v:60.0.3112.101 XP - chrome v:60.0.3112.101 XP - chrome v:60.0.3112.101 XP - chrome v:60.0.3112.101 XP' to: 'chromeWindowsLocal - chromeWindowsLocal - chromeWindowsLocal - chromeWindowsLocal - chromeWindowsLocal - chromeWindowsLocal - chromeWindowsLocal - chromeWindowsLocal - chromeWindowsLocal - chromeWindowsLocal - feature - chrome v:60.0.3112.101 XP - chrome v:60.0.3112.101 XP - chrome v:60.0.3112.101 XP - chrome v:60.0.3112.101 XP - chrome v:60.0.3112.101 XP - chrome v:60.0.3112.101 XP - chrome v:60.0.3112.101 XP - chrome v:60.0.3112.101 XP - chrome v:60.0.3112.101 XP - chrome v:60.0.3112.101 XP'
2017-08-23 14:06:43,970  INFO (TestNG:com.Idexx.CucumberScripts.LocalWebDriverListener:beforeInvocation:29) - getting driver for: chrome
2017-08-23 14:06:51,246  INFO (TestNG:com.Idexx.CucumberScripts.LocalWebDriverListener:beforeInvocation:32) - Done! Created chrome driver!
2017-08-23 14:06:51,284  INFO (TestNG:com.Idexx.CucumberScripts.BeforeAfterHooks:deleteAllCookies:40) - Deleting all cookies...
2017-08-23 14:10:26,241  INFO (TestNG:com.Idexx.CucumberScripts.LocalWebDriverListener:afterInvocation:52) - Renaming test method name from: 'chromeWindowsLocal - chromeWindowsLocal - chromeWindowsLocal - chromeWindowsLocal - chromeWindowsLocal - chromeWindowsLocal - chromeWindowsLocal - chromeWindowsLocal - chromeWindowsLocal - chromeWindowsLocal - feature - chrome v:60.0.3112.101 XP - chrome v:60.0.3112.101 XP - chrome v:60.0.3112.101 XP - chrome v:60.0.3112.101 XP - chrome v:60.0.3112.101 XP - chrome v:60.0.3112.101 XP - chrome v:60.0.3112.101 XP - chrome v:60.0.3112.101 XP - chrome v:60.0.3112.101 XP - chrome v:60.0.3112.101 XP' to: 'chromeWindowsLocal - chromeWindowsLocal - chromeWindowsLocal - chromeWindowsLocal - chromeWindowsLocal - chromeWindowsLocal - chromeWindowsLocal - chromeWindowsLocal - chromeWindowsLocal - chromeWindowsLocal - chromeWindowsLocal - feature - chrome v:60.0.3112.101 XP - chrome v:60.0.3112.101 XP - chrome v:60.0.3112.101 XP - chrome v:60.0.3112.101 XP - chrome v:60.0.3112.101 XP - chrome v:60.0.3112.101 XP - chrome v:60.0.3112.101 XP - chrome v:60.0.3112.101 XP - chrome v:60.0.3112.101 XP - chrome v:60.0.3112.101 XP - chrome v:60.0.3112.101 XP'
2017-08-23 14:10:27,824  INFO (TestNG:com.Idexx.CucumberScripts.LocalWebDriverListener:beforeInvocation:29) - getting driver for: chrome
2017-08-23 14:10:34,147  INFO (TestNG:com.Idexx.CucumberScripts.LocalWebDriverListener:beforeInvocation:32) - Done! Created chrome driver!
2017-08-23 14:10:34,184  INFO (TestNG:com.Idexx.CucumberScripts.BeforeAfterHooks:deleteAllCookies:40) - Deleting all cookies...
2017-08-23 14:14:00,268  INFO (TestNG:com.Idexx.CucumberScripts.LocalWebDriverListener:afterInvocation:52) - Renaming test method name from: 'chromeWindowsLocal - chromeWindowsLocal - chromeWindowsLocal - chromeWindowsLocal - chromeWindowsLocal - chromeWindowsLocal - chromeWindowsLocal - chromeWindowsLocal - chromeWindowsLocal - chromeWindowsLocal - chromeWindowsLocal - feature - chrome v:60.0.3112.101 XP - chrome v:60.0.3112.101 XP - chrome v:60.0.3112.101 XP - chrome v:60.0.3112.101 XP - chrome v:60.0.3112.101 XP - chrome v:60.0.3112.101 XP - chrome v:60.0.3112.101 XP - chrome v:60.0.3112.101 XP - chrome v:60.0.3112.101 XP - chrome v:60.0.3112.101 XP - chrome v:60.0.3112.101 XP' to: 'chromeWindowsLocal - chromeWindowsLocal - chromeWindowsLocal - chromeWindowsLocal - chromeWindowsLocal - chromeWindowsLocal - chromeWindowsLocal - chromeWindowsLocal - chromeWindowsLocal - chromeWindowsLocal - chromeWindowsLocal - chromeWindowsLocal - feature - chrome v:60.0.3112.101 XP - chrome v:60.0.3112.101 XP - chrome v:60.0.3112.101 XP - chrome v:60.0.3112.101 XP - chrome v:60.0.3112.101 XP - chrome v:60.0.3112.101 XP - chrome v:60.0.3112.101 XP - chrome v:60.0.3112.101 XP - chrome v:60.0.3112.101 XP - chrome v:60.0.3112.101 XP - chrome v:60.0.3112.101 XP - chrome v:60.0.3112.101 XP'
2017-08-23 14:14:02,197  INFO (TestNG:com.Idexx.CucumberScripts.LocalWebDriverListener:beforeInvocation:29) - getting driver for: chrome
2017-08-23 14:14:08,855  INFO (TestNG:com.Idexx.CucumberScripts.LocalWebDriverListener:beforeInvocation:32) - Done! Created chrome driver!
2017-08-23 14:14:08,889  INFO (TestNG:com.Idexx.CucumberScripts.BeforeAfterHooks:deleteAllCookies:40) - Deleting all cookies...
2017-08-23 14:17:02,988  INFO (TestNG:com.Idexx.CucumberScripts.LocalWebDriverListener:afterInvocation:52) - Renaming test method name from: 'chromeWindowsLocal - chromeWindowsLocal - chromeWindowsLocal - chromeWindowsLocal - chromeWindowsLocal - chromeWindowsLocal - chromeWindowsLocal - chromeWindowsLocal - chromeWindowsLocal - chromeWindowsLocal - chromeWindowsLocal - chromeWindowsLocal - feature - chrome v:60.0.3112.101 XP - chrome v:60.0.3112.101 XP - chrome v:60.0.3112.101 XP - chrome v:60.0.3112.101 XP - chrome v:60.0.3112.101 XP - chrome v:60.0.3112.101 XP - chrome v:60.0.3112.101 XP - chrome v:60.0.3112.101 XP - chrome v:60.0.3112.101 XP - chrome v:60.0.3112.101 XP - chrome v:60.0.3112.101 XP - chrome v:60.0.3112.101 XP' to: 'chromeWindowsLocal - chromeWindowsLocal - chromeWindowsLocal - chromeWindowsLocal - chromeWindowsLocal - chromeWindowsLocal - chromeWindowsLocal - chromeWindowsLocal - chromeWindowsLocal - chromeWindowsLocal - chromeWindowsLocal - chromeWindowsLocal - chromeWindowsLocal - feature - chrome v:60.0.3112.101 XP - chrome v:60.0.3112.101 XP - chrome v:60.0.3112.101 XP - chrome v:60.0.3112.101 XP - chrome v:60.0.3112.101 XP - chrome v:60.0.3112.101 XP - chrome v:60.0.3112.101 XP - chrome v:60.0.3112.101 XP - chrome v:60.0.3112.101 XP - chrome v:60.0.3112.101 XP - chrome v:60.0.3112.101 XP - chrome v:60.0.3112.101 XP - chrome v:60.0.3112.101 XP'
2017-08-23 14:17:04,532  INFO (TestNG:com.Idexx.CucumberScripts.LocalWebDriverListener:beforeInvocation:29) - getting driver for: chrome
2017-08-23 14:17:11,547  INFO (TestNG:com.Idexx.CucumberScripts.LocalWebDriverListener:beforeInvocation:32) - Done! Created chrome driver!
2017-08-23 14:17:11,621  INFO (TestNG:com.Idexx.CucumberScripts.BeforeAfterHooks:deleteAllCookies:40) - Deleting all cookies...
2017-08-23 14:20:40,352  INFO (TestNG:com.Idexx.CucumberScripts.LocalWebDriverListener:afterInvocation:52) - Renaming test method name from: 'chromeWindowsLocal - chromeWindowsLocal - chromeWindowsLocal - chromeWindowsLocal - chromeWindowsLocal - chromeWindowsLocal - chromeWindowsLocal - chromeWindowsLocal - chromeWindowsLocal - chromeWindowsLocal - chromeWindowsLocal - chromeWindowsLocal - chromeWindowsLocal - feature - chrome v:60.0.3112.101 XP - chrome v:60.0.3112.101 XP - chrome v:60.0.3112.101 XP - chrome v:60.0.3112.101 XP - chrome v:60.0.3112.101 XP - chrome v:60.0.3112.101 XP - chrome v:60.0.3112.101 XP - chrome v:60.0.3112.101 XP - chrome v:60.0.3112.101 XP - chrome v:60.0.3112.101 XP - chrome v:60.0.3112.101 XP - chrome v:60.0.3112.101 XP - chrome v:60.0.3112.101 XP' to: 'chromeWindowsLocal - chromeWindowsLocal - chromeWindowsLocal - chromeWindowsLocal - chromeWindowsLocal - chromeWindowsLocal - chromeWindowsLocal - chromeWindowsLocal - chromeWindowsLocal - chromeWindowsLocal - chromeWindowsLocal - chromeWindowsLocal - chromeWindowsLocal - chromeWindowsLocal - feature - chrome v:60.0.3112.101 XP - chrome v:60.0.3112.101 XP - chrome v:60.0.3112.101 XP - chrome v:60.0.3112.101 XP - chrome v:60.0.3112.101 XP - chrome v:60.0.3112.101 XP - chrome v:60.0.3112.101 XP - chrome v:60.0.3112.101 XP - chrome v:60.0.3112.101 XP - chrome v:60.0.3112.101 XP - chrome v:60.0.3112.101 XP - chrome v:60.0.3112.101 XP - chrome v:60.0.3112.101 XP - chrome v:60.0.3112.101 XP'
2017-08-23 14:20:42,041  INFO (TestNG:com.Idexx.CucumberScripts.LocalWebDriverListener:beforeInvocation:29) - getting driver for: chrome
2017-08-23 14:20:49,515  INFO (TestNG:com.Idexx.CucumberScripts.LocalWebDriverListener:beforeInvocation:32) - Done! Created chrome driver!
2017-08-23 14:20:49,552  INFO (TestNG:com.Idexx.CucumberScripts.BeforeAfterHooks:deleteAllCookies:40) - Deleting all cookies...
2017-08-23 14:23:36,745  INFO (TestNG:com.Idexx.CucumberScripts.LocalWebDriverListener:afterInvocation:52) - Renaming test method name from: 'chromeWindowsLocal - chromeWindowsLocal - chromeWindowsLocal - chromeWindowsLocal - chromeWindowsLocal - chromeWindowsLocal - chromeWindowsLocal - chromeWindowsLocal - chromeWindowsLocal - chromeWindowsLocal - chromeWindowsLocal - chromeWindowsLocal - chromeWindowsLocal - chromeWindowsLocal - feature - chrome v:60.0.3112.101 XP - chrome v:60.0.3112.101 XP - chrome v:60.0.3112.101 XP - chrome v:60.0.3112.101 XP - chrome v:60.0.3112.101 XP - chrome v:60.0.3112.101 XP - chrome v:60.0.3112.101 XP - chrome v:60.0.3112.101 XP - chrome v:60.0.3112.101 XP - chrome v:60.0.3112.101 XP - chrome v:60.0.3112.101 XP - chrome v:60.0.3112.101 XP - chrome v:60.0.3112.101 XP - chrome v:60.0.3112.101 XP' to: 'chromeWindowsLocal - chromeWindowsLocal - chromeWindowsLocal - chromeWindowsLocal - chromeWindowsLocal - chromeWindowsLocal - chromeWindowsLocal - chromeWindowsLocal - chromeWindowsLocal - chromeWindowsLocal - chromeWindowsLocal - chromeWindowsLocal - chromeWindowsLocal - chromeWindowsLocal - chromeWindowsLocal - feature - chrome v:60.0.3112.101 XP - chrome v:60.0.3112.101 XP - chrome v:60.0.3112.101 XP - chrome v:60.0.3112.101 XP - chrome v:60.0.3112.101 XP - chrome v:60.0.3112.101 XP - chrome v:60.0.3112.101 XP - chrome v:60.0.3112.101 XP - chrome v:60.0.3112.101 XP - chrome v:60.0.3112.101 XP - chrome v:60.0.3112.101 XP - chrome v:60.0.3112.101 XP - chrome v:60.0.3112.101 XP - chrome v:60.0.3112.101 XP - chrome v:60.0.3112.101 XP'
2017-08-23 14:23:38,427  INFO (TestNG:com.Idexx.CucumberScripts.LocalWebDriverListener:beforeInvocation:29) - getting driver for: chrome
2017-08-23 14:23:45,652  INFO (TestNG:com.Idexx.CucumberScripts.LocalWebDriverListener:beforeInvocation:32) - Done! Created chrome driver!
2017-08-23 14:23:45,692  INFO (TestNG:com.Idexx.CucumberScripts.BeforeAfterHooks:deleteAllCookies:40) - Deleting all cookies...
2017-08-23 14:28:17,842  INFO (TestNG:com.Idexx.CucumberScripts.LocalWebDriverListener:afterInvocation:52) - Renaming test method name from: 'chromeWindowsLocal - chromeWindowsLocal - chromeWindowsLocal - chromeWindowsLocal - chromeWindowsLocal - chromeWindowsLocal - chromeWindowsLocal - chromeWindowsLocal - chromeWindowsLocal - chromeWindowsLocal - chromeWindowsLocal - chromeWindowsLocal - chromeWindowsLocal - chromeWindowsLocal - chromeWindowsLocal - feature - chrome v:60.0.3112.101 XP - chrome v:60.0.3112.101 XP - chrome v:60.0.3112.101 XP - chrome v:60.0.3112.101 XP - chrome v:60.0.3112.101 XP - chrome v:60.0.3112.101 XP - chrome v:60.0.3112.101 XP - chrome v:60.0.3112.101 XP - chrome v:60.0.3112.101 XP - chrome v:60.0.3112.101 XP - chrome v:60.0.3112.101 XP - chrome v:60.0.3112.101 XP - chrome v:60.0.3112.101 XP - chrome v:60.0.3112.101 XP - chrome v:60.0.3112.101 XP' to: 'chromeWindowsLocal - chromeWindowsLocal - chromeWindowsLocal - chromeWindowsLocal - chromeWindowsLocal - chromeWindowsLocal - chromeWindowsLocal - chromeWindowsLocal - chromeWindowsLocal - chromeWindowsLocal - chromeWindowsLocal - chromeWindowsLocal - chromeWindowsLocal - chromeWindowsLocal - chromeWindowsLocal - chromeWindowsLocal - feature - chrome v:60.0.3112.101 XP - chrome v:60.0.3112.101 XP - chrome v:60.0.3112.101 XP - chrome v:60.0.3112.101 XP - chrome v:60.0.3112.101 XP - chrome v:60.0.3112.101 XP - chrome v:60.0.3112.101 XP - chrome v:60.0.3112.101 XP - chrome v:60.0.3112.101 XP - chrome v:60.0.3112.101 XP - chrome v:60.0.3112.101 XP - chrome v:60.0.3112.101 XP - chrome v:60.0.3112.101 XP - chrome v:60.0.3112.101 XP - chrome v:60.0.3112.101 XP - chrome v:60.0.3112.101 XP'
2017-08-23 14:28:19,627  INFO (TestNG:com.Idexx.CucumberScripts.LocalWebDriverListener:beforeInvocation:29) - getting driver for: chrome
2017-08-23 14:28:26,662  INFO (TestNG:com.Idexx.CucumberScripts.LocalWebDriverListener:beforeInvocation:32) - Done! Created chrome driver!
2017-08-23 14:28:26,696  INFO (TestNG:com.Idexx.CucumberScripts.BeforeAfterHooks:deleteAllCookies:40) - Deleting all cookies...
2017-08-23 14:31:46,811  INFO (TestNG:com.Idexx.CucumberScripts.LocalWebDriverListener:afterInvocation:52) - Renaming test method name from: 'chromeWindowsLocal - chromeWindowsLocal - chromeWindowsLocal - chromeWindowsLocal - chromeWindowsLocal - chromeWindowsLocal - chromeWindowsLocal - chromeWindowsLocal - chromeWindowsLocal - chromeWindowsLocal - chromeWindowsLocal - chromeWindowsLocal - chromeWindowsLocal - chromeWindowsLocal - chromeWindowsLocal - chromeWindowsLocal - feature - chrome v:60.0.3112.101 XP - chrome v:60.0.3112.101 XP - chrome v:60.0.3112.101 XP - chrome v:60.0.3112.101 XP - chrome v:60.0.3112.101 XP - chrome v:60.0.3112.101 XP - chrome v:60.0.3112.101 XP - chrome v:60.0.3112.101 XP - chrome v:60.0.3112.101 XP - chrome v:60.0.3112.101 XP - chrome v:60.0.3112.101 XP - chrome v:60.0.3112.101 XP - chrome v:60.0.3112.101 XP - chrome v:60.0.3112.101 XP - chrome v:60.0.3112.101 XP - chrome v:60.0.3112.101 XP' to: 'chromeWindowsLocal - chromeWindowsLocal - chromeWindowsLocal - chromeWindowsLocal - chromeWindowsLocal - chromeWindowsLocal - chromeWindowsLocal - chromeWindowsLocal - chromeWindowsLocal - chromeWindowsLocal - chromeWindowsLocal - chromeWindowsLocal - chromeWindowsLocal - chromeWindowsLocal - chromeWindowsLocal - chromeWindowsLocal - chromeWindowsLocal - feature - chrome v:60.0.3112.101 XP - chrome v:60.0.3112.101 XP - chrome v:60.0.3112.101 XP - chrome v:60.0.3112.101 XP - chrome v:60.0.3112.101 XP - chrome v:60.0.3112.101 XP - chrome v:60.0.3112.101 XP - chrome v:60.0.3112.101 XP - chrome v:60.0.3112.101 XP - chrome v:60.0.3112.101 XP - chrome v:60.0.3112.101 XP - chrome v:60.0.3112.101 XP - chrome v:60.0.3112.101 XP - chrome v:60.0.3112.101 XP - chrome v:60.0.3112.101 XP - chrome v:60.0.3112.101 XP - chrome v:60.0.3112.101 XP'
2017-08-23 14:31:48,505  WARN (TestNG:com.Idexx.CucumberScripts.LocalWebDriverListener:beforeInvocation:34) - Provided method is NOT a TestNG testMethod!!!
